[debug] [2023-06-23T22:33:02.815Z] ----------------------------------------------------------------------
[debug] [2023-06-23T22:33:02.823Z] Command:       C:\Program Files\nodejs\node.exe C:\Users\Lenovo\AppData\Roaming\npm\node_modules\firebase-tools\lib\bin\firebase.js emulators:start
[debug] [2023-06-23T22:33:02.824Z] CLI Version:   12.4.0
[debug] [2023-06-23T22:33:02.825Z] Platform:      win32
[debug] [2023-06-23T22:33:02.825Z] Node Version:  v16.16.0
[debug] [2023-06-23T22:33:02.825Z] Time:          Sat Jun 24 2023 04:03:02 GMT+0530 (India Standard Time)
[debug] [2023-06-23T22:33:02.826Z] ----------------------------------------------------------------------
[debug] 
[debug] [2023-06-23T22:33:02.954Z] > command requires scopes: ["email","openid","https://www.googleapis.com/auth/cloudplatformprojects.readonly","https://www.googleapis.com/auth/firebase","https://www.googleapis.com/auth/cloud-platform"]
[debug] [2023-06-23T22:33:02.954Z] > authorizing via signed-in user (playingwith0@gmail.com)
[info] i  emulators: Starting emulators: functions, hosting {"metadata":{"emulator":{"name":"hub"},"message":"Starting emulators: functions, hosting"}}
[debug] [2023-06-23T22:33:02.981Z] [logging] Logging Emulator only supports listening on one address (127.0.0.1). Not listening on ::1
[debug] [2023-06-23T22:33:02.982Z] [hosting] Hosting Emulator only supports listening on one address (127.0.0.1). Not listening on ::1
[debug] [2023-06-23T22:33:02.982Z] assigned listening specs for emulators {"user":{"hub":[{"address":"127.0.0.1","family":"IPv4","port":4400},{"address":"::1","family":"IPv6","port":4400}],"ui":[{"address":"127.0.0.1","family":"IPv4","port":4000},{"address":"::1","family":"IPv6","port":4000}],"logging":[{"address":"127.0.0.1","family":"IPv4","port":4500}],"hosting":[{"address":"127.0.0.1","family":"IPv4","port":5000}]},"metadata":{"message":"assigned listening specs for emulators"}}
[debug] [2023-06-23T22:33:02.993Z] [hub] writing locator at C:\Users\Lenovo\AppData\Local\Temp\hub-information-oasis.json
[debug] [2023-06-23T22:33:03.036Z] [functions] Functions Emulator only supports listening on one address (127.0.0.1). Not listening on ::1
[debug] [2023-06-23T22:33:03.036Z] [eventarc] Eventarc Emulator only supports listening on one address (127.0.0.1). Not listening on ::1
[debug] [2023-06-23T22:33:03.037Z] late-assigned ports for functions and eventarc emulators {"user":{"hub":[{"address":"127.0.0.1","family":"IPv4","port":4400},{"address":"::1","family":"IPv6","port":4400}],"ui":[{"address":"127.0.0.1","family":"IPv4","port":4000},{"address":"::1","family":"IPv6","port":4000}],"logging":[{"address":"127.0.0.1","family":"IPv4","port":4500}],"hosting":[{"address":"127.0.0.1","family":"IPv4","port":5000}],"functions":[{"address":"127.0.0.1","family":"IPv4","port":5001}],"eventarc":[{"address":"127.0.0.1","family":"IPv4","port":9299}]},"metadata":{"message":"late-assigned ports for functions and eventarc emulators"}}
[warn] !  functions: The following emulators are not running, calls to these services from the Functions emulator will affect production: auth, firestore, database, pubsub, storage {"metadata":{"emulator":{"name":"functions"},"message":"The following emulators are not running, calls to these services from the Functions emulator will affect production: \u001b[1mauth, firestore, database, pubsub, storage\u001b[22m"}}
[debug] [2023-06-23T22:33:03.050Z] defaultcredentials: writing to file C:\Users\Lenovo\AppData\Roaming\firebase\playingwith0_gmail_com_application_default_credentials.json
[debug] [2023-06-23T22:33:03.073Z] Setting GAC to C:\Users\Lenovo\AppData\Roaming\firebase\playingwith0_gmail_com_application_default_credentials.json {"metadata":{"emulator":{"name":"functions"},"message":"Setting GAC to C:\\Users\\Lenovo\\AppData\\Roaming\\firebase\\playingwith0_gmail_com_application_default_credentials.json"}}
[debug] [2023-06-23T22:33:03.074Z] > refreshing access token with scopes: []
[debug] [2023-06-23T22:33:03.075Z] >>> [apiv2][query] POST https://www.googleapis.com/oauth2/v3/token [none]
[debug] [2023-06-23T22:33:03.075Z] >>> [apiv2][body] POST https://www.googleapis.com/oauth2/v3/token [omitted]
[debug] [2023-06-23T22:33:03.200Z] <<< [apiv2][status] POST https://www.googleapis.com/oauth2/v3/token 200
[debug] [2023-06-23T22:33:03.200Z] <<< [apiv2][body] POST https://www.googleapis.com/oauth2/v3/token [omitted]
[debug] [2023-06-23T22:33:03.308Z] >>> [apiv2][query] GET https://firebase.googleapis.com/v1beta1/projects/information-oasis/adminSdkConfig [none]
[debug] [2023-06-23T22:33:03.712Z] <<< [apiv2][status] GET https://firebase.googleapis.com/v1beta1/projects/information-oasis/adminSdkConfig 200
[debug] [2023-06-23T22:33:03.712Z] <<< [apiv2][body] GET https://firebase.googleapis.com/v1beta1/projects/information-oasis/adminSdkConfig {"projectId":"information-oasis","storageBucket":"information-oasis.appspot.com"}
[debug] [2023-06-23T22:33:03.761Z] >>> [apiv2][query] GET https://firebasehosting.googleapis.com/v1beta1/projects/information-oasis/sites 
[debug] [2023-06-23T22:33:04.615Z] <<< [apiv2][status] GET https://firebasehosting.googleapis.com/v1beta1/projects/information-oasis/sites 200
[debug] [2023-06-23T22:33:04.615Z] <<< [apiv2][body] GET https://firebasehosting.googleapis.com/v1beta1/projects/information-oasis/sites {"sites":[{"name":"projects/information-oasis/sites/information-oasis","defaultUrl":"https://information-oasis.web.app","appId":"1:1040949849350:web:9412715fe4380421350287","type":"DEFAULT_SITE"}]}
[debug] [2023-06-23T22:33:04.616Z] >>> [apiv2][query] GET https://firebase.googleapis.com/v1beta1/projects/information-oasis/webApps/1:1040949849350:web:9412715fe4380421350287/config [none]
[debug] [2023-06-23T22:33:06.086Z] <<< [apiv2][status] GET https://firebase.googleapis.com/v1beta1/projects/information-oasis/webApps/1:1040949849350:web:9412715fe4380421350287/config 200
[debug] [2023-06-23T22:33:06.086Z] <<< [apiv2][body] GET https://firebase.googleapis.com/v1beta1/projects/information-oasis/webApps/1:1040949849350:web:9412715fe4380421350287/config {"projectId":"information-oasis","appId":"1:1040949849350:web:9412715fe4380421350287","storageBucket":"information-oasis.appspot.com","apiKey":"AIzaSyAn3Gb6q0drojPboA9jhje17_wkDUSO-yg","authDomain":"information-oasis.firebaseapp.com","messagingSenderId":"1040949849350","measurementId":"G-7TSZFQCX62"}
[debug] [2023-06-23T22:33:06.206Z] >>> [apiv2][query] GET https://firebase.googleapis.com/v1beta1/projects/information-oasis [none]
[debug] [2023-06-23T22:33:06.535Z] <<< [apiv2][status] GET https://firebase.googleapis.com/v1beta1/projects/information-oasis 200
[debug] [2023-06-23T22:33:06.535Z] <<< [apiv2][body] GET https://firebase.googleapis.com/v1beta1/projects/information-oasis {"projectId":"information-oasis","projectNumber":"1040949849350","displayName":"Information-Oasis","name":"projects/information-oasis","resources":{"hostingSite":"information-oasis"},"state":"ACTIVE","etag":"1_30521b0a-23d4-4740-b6e8-4678d1386de1"}
[info] i  hosting[information-oasis]: Serving hosting files from: n {"metadata":{"emulator":{"name":"hosting"},"message":"Serving hosting files from: \u001b[1mn\u001b[22m"}}
[info] +  hosting[information-oasis]: Local server: http://127.0.0.1:5000 {"metadata":{"emulator":{"name":"hosting"},"message":"Local server: \u001b[4m\u001b[1mhttp://127.0.0.1:5000\u001b[22m\u001b[24m"}}
[debug] [2023-06-23T22:33:06.772Z] Ignoring unsupported arg: auto_download {"metadata":{"emulator":{"name":"ui"},"message":"Ignoring unsupported arg: auto_download"}}
[debug] [2023-06-23T22:33:06.772Z] Ignoring unsupported arg: port {"metadata":{"emulator":{"name":"ui"},"message":"Ignoring unsupported arg: port"}}
[debug] [2023-06-23T22:33:06.772Z] Starting Emulator UI with command {"binary":"node","args":["C:\\Users\\Lenovo\\.cache\\firebase\\emulators\\ui-v1.11.6\\server\\server.js"],"optionalArgs":[],"joinArgs":false} {"metadata":{"emulator":{"name":"ui"},"message":"Starting Emulator UI with command {\"binary\":\"node\",\"args\":[\"C:\\\\Users\\\\Lenovo\\\\.cache\\\\firebase\\\\emulators\\\\ui-v1.11.6\\\\server\\\\server.js\"],\"optionalArgs\":[],\"joinArgs\":false}"}}
[info] i  ui: Emulator UI logging to ui-debug.log {"metadata":{"emulator":{"name":"ui"},"message":"Emulator UI logging to \u001b[1mui-debug.log\u001b[22m"}}
[debug] [2023-06-23T22:33:06.936Z] Web / API server started at 127.0.0.1:4000
 {"metadata":{"emulator":{"name":"ui"},"message":"Web / API server started at 127.0.0.1:4000\n"}}
[debug] [2023-06-23T22:33:06.936Z] Web / API server started at ::1:4000
 {"metadata":{"emulator":{"name":"ui"},"message":"Web / API server started at ::1:4000\n"}}
[info] i  functions: Watching "C:\Users\Lenovo\Desktop\devrev\library\functions" for Cloud Functions... {"metadata":{"emulator":{"name":"functions"},"message":"Watching \"C:\\Users\\Lenovo\\Desktop\\devrev\\library\\functions\" for Cloud Functions..."}}
[debug] [2023-06-23T22:33:07.048Z] Validating nodejs source
[debug] [2023-06-23T22:33:10.802Z] > [functions] package.json contents: {
  "name": "functions",
  "description": "Cloud Functions for Firebase",
  "scripts": {
    "lint": "eslint .",
    "serve": "firebase emulators:start --only functions",
    "shell": "firebase functions:shell",
    "start": "npm run shell",
    "deploy": "firebase deploy --only functions",
    "logs": "firebase functions:log"
  },
  "engines": {
    "node": "18"
  },
  "main": "index.js",
  "dependencies": {
    "cors": "^2.8.5",
    "express": "^4.18.2",
    "firebase-admin": "^11.8.0",
    "firebase-functions": "^4.3.1",
    "stripe": "^12.10.0"
  },
  "devDependencies": {
    "eslint": "^8.15.0",
    "eslint-config-google": "^0.14.0",
    "firebase-functions-test": "^3.1.0"
  },
  "private": true
}
[debug] [2023-06-23T22:33:10.802Z] Building nodejs source
[debug] [2023-06-23T22:33:10.803Z] Failed to find version of module node: reached end of search path C:\Users\Lenovo\Desktop\devrev\library\functions\node_modules
[warn] !  functions: Your requested "node" version "18" doesn't match your global version "16". Using node@16 from host. 
[debug] [2023-06-23T22:33:10.804Z] Could not find functions.yaml. Must use http discovery
[debug] [2023-06-23T22:33:10.812Z] Found firebase-functions binary at 'C:\Users\Lenovo\Desktop\devrev\library\functions\node_modules\.bin\firebase-functions'
[debug] [2023-06-23T22:33:11.281Z] Serving at port 8358

[debug] [2023-06-23T22:33:11.566Z] Got response from /__/functions.yaml {"endpoints":{"api":{"platform":"gcfv1","availableMemoryMb":null,"timeoutSeconds":null,"minInstances":null,"maxInstances":null,"ingressSettings":null,"serviceAccountEmail":null,"vpc":null,"httpsTrigger":{},"entryPoint":"api"}},"specVersion":"v1alpha1","requiredAPIs":[]}
[debug] [2023-06-23T22:33:11.573Z] shutdown requested via /__/quitquitquit

[info] +  functions: Loaded functions definitions from source: api. {"metadata":{"emulator":{"name":"functions"},"message":"Loaded functions definitions from source: api."}}
[info] +  functions[us-central1-api]: http function initialized (http://127.0.0.1:5001/information-oasis/us-central1/api). {"metadata":{"emulator":{"name":"functions"},"message":"\u001b[1mhttp\u001b[22m function initialized (http://127.0.0.1:5001/information-oasis/us-central1/api)."}}
[info] 
┌─────────────────────────────────────────────────────────────┐
│ ✔  All emulators ready! It is now safe to connect your app. │
│ i  View Emulator UI at http://127.0.0.1:4000/               │
└─────────────────────────────────────────────────────────────┘

┌───────────┬────────────────┬─────────────────────────────────┐
│ Emulator  │ Host:Port      │ View in Emulator UI             │
├───────────┼────────────────┼─────────────────────────────────┤
│ Functions │ 127.0.0.1:5001 │ http://127.0.0.1:4000/functions │
├───────────┼────────────────┼─────────────────────────────────┤
│ Hosting   │ 127.0.0.1:5000 │ n/a                             │
└───────────┴────────────────┴─────────────────────────────────┘
  Emulator Hub running at 127.0.0.1:4400
  Other reserved ports: 4500

Issues? Report them at https://github.com/firebase/firebase-tools/issues and attach the *-debug.log files.
 
[debug] [2023-06-23T22:33:20.062Z] [work-queue] {"queuedWork":["/information-oasis/us-central1/api/payment/create-2023-06-23T22:33:20.062Z"],"queueLength":1,"runningWork":[],"workRunningCount":0}
[debug] [2023-06-23T22:33:20.063Z] [work-queue] {"queuedWork":[],"queueLength":0,"runningWork":["/information-oasis/us-central1/api/payment/create-2023-06-23T22:33:20.062Z"],"workRunningCount":1}
[debug] [2023-06-23T22:33:20.064Z] Accepted request GET /information-oasis/us-central1/api/payment/create?total=0 --> us-central1-api
[debug] [2023-06-23T22:33:20.069Z] [functions] Runtime ready! Sending request! {"metadata":{"emulator":{"name":"functions"},"message":"[functions] Runtime ready! Sending request!"}}
[debug] [2023-06-23T22:33:20.070Z] [functions] Got req.url=/information-oasis/us-central1/api/payment/create?total=0, mapping to path=/payment/create?total=0 {"metadata":{"emulator":{"name":"functions"},"message":"[functions] Got req.url=/information-oasis/us-central1/api/payment/create?total=0, mapping to path=/payment/create?total=0"}}
[debug] [2023-06-23T22:33:20.205Z] [worker-pool] addWorker(us-central1-api) {"metadata":{"emulator":{"name":"functions"},"message":"[worker-pool] addWorker(us-central1-api)"}}
[debug] [2023-06-23T22:33:20.205Z] [worker-pool] Adding worker with key us-central1-api, total=1 {"metadata":{"emulator":{"name":"functions"},"message":"[worker-pool] Adding worker with key us-central1-api, total=1"}}
[debug] [2023-06-23T22:33:21.731Z] [runtime-status] [19348] Resolved module firebase-admin {"declared":true,"installed":true,"version":"11.9.0","resolution":"C:\\Users\\Lenovo\\Desktop\\devrev\\library\\functions\\node_modules\\firebase-admin\\lib\\index.js"} {"metadata":{"emulator":{"name":"functions"},"function":{"name":"us-central1-api"},"extension":{},"message":"[runtime-status] [19348] Resolved module firebase-admin {\"declared\":true,\"installed\":true,\"version\":\"11.9.0\",\"resolution\":\"C:\\\\Users\\\\Lenovo\\\\Desktop\\\\devrev\\\\library\\\\functions\\\\node_modules\\\\firebase-admin\\\\lib\\\\index.js\"}"}}
[debug] [2023-06-23T22:33:21.732Z] [runtime-status] [19348] Resolved module firebase-functions {"declared":true,"installed":true,"version":"4.4.1","resolution":"C:\\Users\\Lenovo\\Desktop\\devrev\\library\\functions\\node_modules\\firebase-functions\\lib\\v1\\index.js"} {"metadata":{"emulator":{"name":"functions"},"function":{"name":"us-central1-api"},"extension":{},"message":"[runtime-status] [19348] Resolved module firebase-functions {\"declared\":true,\"installed\":true,\"version\":\"4.4.1\",\"resolution\":\"C:\\\\Users\\\\Lenovo\\\\Desktop\\\\devrev\\\\library\\\\functions\\\\node_modules\\\\firebase-functions\\\\lib\\\\v1\\\\index.js\"}"}}
[debug] [2023-06-23T22:33:21.733Z] [runtime-status] [19348] Outgoing network have been stubbed. [{"name":"http","status":"mocked"},{"name":"http","status":"mocked"},{"name":"https","status":"mocked"},{"name":"https","status":"mocked"},{"name":"net","status":"mocked"}] {"metadata":{"emulator":{"name":"functions"},"function":{"name":"us-central1-api"},"extension":{},"message":"[runtime-status] [19348] Outgoing network have been stubbed. [{\"name\":\"http\",\"status\":\"mocked\"},{\"name\":\"http\",\"status\":\"mocked\"},{\"name\":\"https\",\"status\":\"mocked\"},{\"name\":\"https\",\"status\":\"mocked\"},{\"name\":\"net\",\"status\":\"mocked\"}]"}}
[debug] [2023-06-23T22:33:21.734Z] [runtime-status] [19348] Resolved module firebase-functions {"declared":true,"installed":true,"version":"4.4.1","resolution":"C:\\Users\\Lenovo\\Desktop\\devrev\\library\\functions\\node_modules\\firebase-functions\\lib\\v1\\index.js"} {"metadata":{"emulator":{"name":"functions"},"function":{"name":"us-central1-api"},"extension":{},"message":"[runtime-status] [19348] Resolved module firebase-functions {\"declared\":true,\"installed\":true,\"version\":\"4.4.1\",\"resolution\":\"C:\\\\Users\\\\Lenovo\\\\Desktop\\\\devrev\\\\library\\\\functions\\\\node_modules\\\\firebase-functions\\\\lib\\\\v1\\\\index.js\"}"}}
[debug] [2023-06-23T22:33:21.951Z] [runtime-status] [19348] Checked functions.config() {"config":{}} {"metadata":{"emulator":{"name":"functions"},"function":{"name":"us-central1-api"},"extension":{},"message":"[runtime-status] [19348] Checked functions.config() {\"config\":{}}"}}
[debug] [2023-06-23T22:33:21.952Z] [runtime-status] [19348] firebase-functions has been stubbed. {"functionsResolution":{"declared":true,"installed":true,"version":"4.4.1","resolution":"C:\\Users\\Lenovo\\Desktop\\devrev\\library\\functions\\node_modules\\firebase-functions\\lib\\v1\\index.js"}} {"metadata":{"emulator":{"name":"functions"},"function":{"name":"us-central1-api"},"extension":{},"message":"[runtime-status] [19348] firebase-functions has been stubbed. {\"functionsResolution\":{\"declared\":true,\"installed\":true,\"version\":\"4.4.1\",\"resolution\":\"C:\\\\Users\\\\Lenovo\\\\Desktop\\\\devrev\\\\library\\\\functions\\\\node_modules\\\\firebase-functions\\\\lib\\\\v1\\\\index.js\"}}"}}
[debug] [2023-06-23T22:33:21.952Z] [runtime-status] [19348] Resolved module firebase-functions {"declared":true,"installed":true,"version":"4.4.1","resolution":"C:\\Users\\Lenovo\\Desktop\\devrev\\library\\functions\\node_modules\\firebase-functions\\lib\\v1\\index.js"} {"metadata":{"emulator":{"name":"functions"},"function":{"name":"us-central1-api"},"extension":{},"message":"[runtime-status] [19348] Resolved module firebase-functions {\"declared\":true,\"installed\":true,\"version\":\"4.4.1\",\"resolution\":\"C:\\\\Users\\\\Lenovo\\\\Desktop\\\\devrev\\\\library\\\\functions\\\\node_modules\\\\firebase-functions\\\\lib\\\\v1\\\\index.js\"}"}}
[debug] [2023-06-23T22:33:21.953Z] [runtime-status] [19348] Resolved module firebase-admin {"declared":true,"installed":true,"version":"11.9.0","resolution":"C:\\Users\\Lenovo\\Desktop\\devrev\\library\\functions\\node_modules\\firebase-admin\\lib\\index.js"} {"metadata":{"emulator":{"name":"functions"},"function":{"name":"us-central1-api"},"extension":{},"message":"[runtime-status] [19348] Resolved module firebase-admin {\"declared\":true,\"installed\":true,\"version\":\"11.9.0\",\"resolution\":\"C:\\\\Users\\\\Lenovo\\\\Desktop\\\\devrev\\\\library\\\\functions\\\\node_modules\\\\firebase-admin\\\\lib\\\\index.js\"}"}}
[debug] [2023-06-23T22:33:21.956Z] [runtime-status] [19348] Resolved module firebase-functions {"declared":true,"installed":true,"version":"4.4.1","resolution":"C:\\Users\\Lenovo\\Desktop\\devrev\\library\\functions\\node_modules\\firebase-functions\\lib\\v1\\index.js"} {"metadata":{"emulator":{"name":"functions"},"function":{"name":"us-central1-api"},"extension":{},"message":"[runtime-status] [19348] Resolved module firebase-functions {\"declared\":true,\"installed\":true,\"version\":\"4.4.1\",\"resolution\":\"C:\\\\Users\\\\Lenovo\\\\Desktop\\\\devrev\\\\library\\\\functions\\\\node_modules\\\\firebase-functions\\\\lib\\\\v1\\\\index.js\"}"}}
[debug] [2023-06-23T22:33:21.956Z] [runtime-status] [19348] firebase-admin has been stubbed. {"adminResolution":{"declared":true,"installed":true,"version":"11.9.0","resolution":"C:\\Users\\Lenovo\\Desktop\\devrev\\library\\functions\\node_modules\\firebase-admin\\lib\\index.js"}} {"metadata":{"emulator":{"name":"functions"},"function":{"name":"us-central1-api"},"extension":{},"message":"[runtime-status] [19348] firebase-admin has been stubbed. {\"adminResolution\":{\"declared\":true,\"installed\":true,\"version\":\"11.9.0\",\"resolution\":\"C:\\\\Users\\\\Lenovo\\\\Desktop\\\\devrev\\\\library\\\\functions\\\\node_modules\\\\firebase-admin\\\\lib\\\\index.js\"}}"}}
[debug] [2023-06-23T22:33:22.113Z] [runtime-status] [19348] Functions runtime initialized. {"cwd":"C:\\Users\\Lenovo\\Desktop\\devrev\\library\\functions","node_version":"16.16.0"} {"metadata":{"emulator":{"name":"functions"},"function":{"name":"us-central1-api"},"extension":{},"message":"[runtime-status] [19348] Functions runtime initialized. {\"cwd\":\"C:\\\\Users\\\\Lenovo\\\\Desktop\\\\devrev\\\\library\\\\functions\",\"node_version\":\"16.16.0\"}"}}
[debug] [2023-06-23T22:33:22.113Z] [runtime-status] [19348] Listening to port: \\?\pipe\fire_emu_ade5ee0750605b0f {"metadata":{"emulator":{"name":"functions"},"function":{"name":"us-central1-api"},"extension":{},"message":"[runtime-status] [19348] Listening to port: \\\\?\\pipe\\fire_emu_ade5ee0750605b0f"}}
[debug] [2023-06-23T22:33:22.169Z] [worker-us-central1-api-923afc44-6272-4f53-8d62-e1c70b249705]: IDLE {"metadata":{"emulator":{"name":"functions"},"function":{"name":"us-central1-api"},"extension":{},"message":"[worker-us-central1-api-923afc44-6272-4f53-8d62-e1c70b249705]: IDLE"}}
[debug] [2023-06-23T22:33:22.169Z] [worker-pool] submitRequest(triggerId=us-central1-api) {"metadata":{"emulator":{"name":"functions"},"message":"[worker-pool] submitRequest(triggerId=us-central1-api)"}}
[info] i  functions: Beginning execution of "us-central1-api" {"metadata":{"emulator":{"name":"functions"},"function":{"name":"us-central1-api"},"extension":{},"message":"Beginning execution of \"us-central1-api\""}}
[debug] [2023-06-23T22:33:22.170Z] [worker-us-central1-api-923afc44-6272-4f53-8d62-e1c70b249705]: BUSY {"metadata":{"emulator":{"name":"functions"},"function":{"name":"us-central1-api"},"extension":{},"message":"[worker-us-central1-api-923afc44-6272-4f53-8d62-e1c70b249705]: BUSY"}}
[debug] [2023-06-23T22:33:22.176Z] Finishing up request with event=pause {"metadata":{"emulator":{"name":"functions"},"function":{"name":"us-central1-api"},"extension":{},"message":"Finishing up request with event=pause"}}
[info] i  functions: Finished "us-central1-api" in 6.9529ms {"metadata":{"emulator":{"name":"functions"},"function":{"name":"us-central1-api"},"extension":{},"message":"Finished \"us-central1-api\" in 6.9529ms"}}
[debug] [2023-06-23T22:33:22.177Z] [worker-us-central1-api-923afc44-6272-4f53-8d62-e1c70b249705]: IDLE {"metadata":{"emulator":{"name":"functions"},"function":{"name":"us-central1-api"},"extension":{},"message":"[worker-us-central1-api-923afc44-6272-4f53-8d62-e1c70b249705]: IDLE"}}
[debug] [2023-06-23T22:33:22.177Z] Finishing up request with event=finish {"metadata":{"emulator":{"name":"functions"},"function":{"name":"us-central1-api"},"extension":{},"message":"Finishing up request with event=finish"}}
[debug] [2023-06-23T22:33:22.177Z] Finishing up request with event=close {"metadata":{"emulator":{"name":"functions"},"function":{"name":"us-central1-api"},"extension":{},"message":"Finishing up request with event=close"}}
[debug] [2023-06-23T22:33:22.178Z] [work-queue] {"queuedWork":[],"queueLength":0,"runningWork":[],"workRunningCount":0}
[debug] [2023-06-24T12:58:32.281Z] [worker-us-central1-api-923afc44-6272-4f53-8d62-e1c70b249705]: exited {"metadata":{"emulator":{"name":"functions"},"function":{"name":"us-central1-api"},"extension":{},"message":"[worker-us-central1-api-923afc44-6272-4f53-8d62-e1c70b249705]: exited"}}
