[debug] [2023-06-24T13:15:46.357Z] ----------------------------------------------------------------------
[debug] [2023-06-24T13:15:46.359Z] Command:       C:\Program Files\nodejs\node.exe C:\Users\Lenovo\AppData\Roaming\npm\node_modules\firebase-tools\lib\bin\firebase.js init
[debug] [2023-06-24T13:15:46.359Z] CLI Version:   12.4.0
[debug] [2023-06-24T13:15:46.360Z] Platform:      win32
[debug] [2023-06-24T13:15:46.360Z] Node Version:  v16.16.0
[debug] [2023-06-24T13:15:46.361Z] Time:          Sat Jun 24 2023 18:45:46 GMT+0530 (India Standard Time)
[debug] [2023-06-24T13:15:46.361Z] ----------------------------------------------------------------------
[debug] 
[debug] [2023-06-24T13:15:46.419Z] > command requires scopes: ["email","openid","https://www.googleapis.com/auth/cloudplatformprojects.readonly","https://www.googleapis.com/auth/firebase","https://www.googleapis.com/auth/cloud-platform"]
[debug] [2023-06-24T13:15:46.420Z] > authorizing via signed-in user (playingwith0@gmail.com)
[info] 
     ######## #### ########  ######## ########     ###     ######  ########
     ##        ##  ##     ## ##       ##     ##  ##   ##  ##       ##
     ######    ##  ########  ######   ########  #########  ######  ######
     ##        ##  ##    ##  ##       ##     ## ##     ##       ## ##
     ##       #### ##     ## ######## ########  ##     ##  ######  ########

You're about to initialize a Firebase project in this directory:

  C:\Users\Lenovo\Desktop\devrev\library

Before we get started, keep in mind:

  * You are initializing within an existing Firebase project directory

[info] 
=== Project Setup
[info] 
[info] First, let's associate this project directory with a Firebase project.
[info] You can create multiple project aliases by running firebase use --add, 
[info] but for now we'll just set up a default project.
[info] 
[debug] [2023-06-24T13:16:06.675Z] Using project from CLI flag: information-oasis
[debug] [2023-06-24T13:16:06.677Z] > refreshing access token with scopes: []
[debug] [2023-06-24T13:16:06.679Z] >>> [apiv2][query] POST https://www.googleapis.com/oauth2/v3/token [none]
[debug] [2023-06-24T13:16:06.680Z] >>> [apiv2][body] POST https://www.googleapis.com/oauth2/v3/token [omitted]
[debug] [2023-06-24T13:16:06.832Z] <<< [apiv2][status] POST https://www.googleapis.com/oauth2/v3/token 200
[debug] [2023-06-24T13:16:06.833Z] <<< [apiv2][body] POST https://www.googleapis.com/oauth2/v3/token [omitted]
[debug] [2023-06-24T13:16:06.939Z] >>> [apiv2][query] GET https://firebase.googleapis.com/v1beta1/projects/information-oasis [none]
[debug] [2023-06-24T13:16:07.367Z] <<< [apiv2][status] GET https://firebase.googleapis.com/v1beta1/projects/information-oasis 200
[debug] [2023-06-24T13:16:07.368Z] <<< [apiv2][body] GET https://firebase.googleapis.com/v1beta1/projects/information-oasis {"projectId":"information-oasis","projectNumber":"1040949849350","displayName":"Information-Oasis","name":"projects/information-oasis","resources":{"hostingSite":"information-oasis"},"state":"ACTIVE","etag":"1_30521b0a-23d4-4740-b6e8-4678d1386de1"}
[info] i  Using project information-oasis (Information-Oasis) 
[info] 
=== Hosting Setup
[info] 
[info] Your public directory is the folder (relative to your project directory) that
[info] will contain Hosting assets to be uploaded with firebase deploy. If you
[info] have a build process for your assets, use your build's output directory.
[info] 
[debug] [2023-06-24T13:17:49.377Z] >>> [apiv2][query] GET https://www.gstatic.com/firebasejs/releases.json [none]
[debug] [2023-06-24T13:17:49.433Z] <<< [apiv2][status] GET https://www.gstatic.com/firebasejs/releases.json 200
[debug] [2023-06-24T13:17:49.433Z] <<< [apiv2][body] GET https://www.gstatic.com/firebasejs/releases.json {"current":{"version":"9.23.0","browserURL":"https://www.gstatic.com/firebasejs/9.23.0/firebase.js","packageURL":"https://www.gstatic.com/firebasejs/9.23.0/firebase.tgz"},"live":{"version":"9.23","browserURL":"https://www.gstatic.com/firebasejs/live/9.23/firebase.js","packageURL":"https://www.gstatic.com/firebasejs/live/9.23/firebase.tgz"},"components":{"analytics":"https://www.gstatic.com/firebasejs/9.23.0/firebase-analytics.js","app":"https://www.gstatic.com/firebasejs/9.23.0/firebase-app.js","app-check":"https://www.gstatic.com/firebasejs/9.23.0/firebase-app-check.js","auth":"https://www.gstatic.com/firebasejs/9.23.0/firebase-auth.js","auth/cordova":"https://www.gstatic.com/firebasejs/9.23.0/firebase-auth/cordova.js","auth/react-native":"https://www.gstatic.com/firebasejs/9.23.0/firebase-auth/react-native.js","functions":"https://www.gstatic.com/firebasejs/9.23.0/firebase-functions.js","firestore":"https://www.gstatic.com/firebasejs/9.23.0/firebase-firestore.js","firestore/lite":"https://www.gstatic.com/firebasejs/9.23.0/firebase-firestore/lite.js","installations":"https://www.gstatic.com/firebasejs/9.23.0/firebase-installations.js","storage":"https://www.gstatic.com/firebasejs/9.23.0/firebase-storage.js","performance":"https://www.gstatic.com/firebasejs/9.23.0/firebase-performance.js","remote-config":"https://www.gstatic.com/firebasejs/9.23.0/firebase-remote-config.js","messaging":"https://www.gstatic.com/firebasejs/9.23.0/firebase-messaging.js","messaging/sw":"https://www.gstatic.com/firebasejs/9.23.0/firebase-messaging/sw.js","database":"https://www.gstatic.com/firebasejs/9.23.0/firebase-database.js","firestore.memory":"https://www.gstatic.com/firebasejs/9.23.0/firebase-firestore.memory.js"}}
[info] +  Wrote public/index.html 
[info] 
[info] i  Detected a .git folder at C:\Users\Lenovo\Desktop\devrev\library 
[info] i  Authorizing with GitHub to upload your service account to a GitHub repository's secrets store. 
[info] 
[info] Visit this URL on this device to log in:
[info] https://github.com/login/oauth/authorize?client_id=89cf50f02ac6aaed3484&state=148699162&redirect_uri=http%3A%2F%2Flocalhost%3A9005&scope=read%3Auser%20repo%20public_repo
[info] 
[info] Waiting for authentication...
[debug] [2023-06-24T13:18:01.115Z] >>> [apiv2][query] POST https://github.com/login/oauth/access_token [none]
[debug] [2023-06-24T13:18:01.115Z] >>> [apiv2][body] POST https://github.com/login/oauth/access_token [stream]
[debug] [2023-06-24T13:18:01.575Z] <<< [apiv2][status] POST https://github.com/login/oauth/access_token 200
[debug] [2023-06-24T13:18:01.575Z] <<< [apiv2][body] POST https://github.com/login/oauth/access_token {"access_token":"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","token_type":"bearer","scope":"read:user,repo"}
[debug] [2023-06-24T13:18:01.628Z] >>> [apiv2][query] GET https://api.github.com/user [none]
[debug] [2023-06-24T13:18:02.154Z] <<< [apiv2][status] GET https://api.github.com/user 200
[debug] [2023-06-24T13:42:15.901Z] ----------------------------------------------------------------------
[debug] [2023-06-24T13:42:15.906Z] Command:       C:\Program Files\nodejs\node.exe C:\Users\Lenovo\AppData\Roaming\npm\node_modules\firebase-tools\lib\bin\firebase.js init
[debug] [2023-06-24T13:42:15.907Z] CLI Version:   12.4.0
[debug] [2023-06-24T13:42:15.907Z] Platform:      win32
[debug] [2023-06-24T13:42:15.908Z] Node Version:  v16.16.0
[debug] [2023-06-24T13:42:15.909Z] Time:          Sat Jun 24 2023 19:12:15 GMT+0530 (India Standard Time)
[debug] [2023-06-24T13:42:15.910Z] ----------------------------------------------------------------------
[debug] 
[debug] [2023-06-24T13:42:16.084Z] > command requires scopes: ["email","openid","https://www.googleapis.com/auth/cloudplatformprojects.readonly","https://www.googleapis.com/auth/firebase","https://www.googleapis.com/auth/cloud-platform"]
[debug] [2023-06-24T13:42:16.084Z] > authorizing via signed-in user (playingwith0@gmail.com)
[info] 
     ######## #### ########  ######## ########     ###     ######  ########
     ##        ##  ##     ## ##       ##     ##  ##   ##  ##       ##
     ######    ##  ########  ######   ########  #########  ######  ######
     ##        ##  ##    ##  ##       ##     ## ##     ##       ## ##
     ##       #### ##     ## ######## ########  ##     ##  ######  ########

You're about to initialize a Firebase project in this directory:

  C:\Users\Lenovo\Desktop\devrev\library

Before we get started, keep in mind:

  * You are initializing within an existing Firebase project directory

